<?xml version="1.0" encoding="UTF-8"?>
<!-- Generated by org.testng.reporters.JUnitReportReporter -->
<testsuite hostname="Desktop-175" failures="0" tests="1" name="entrata_Test_Test_Scripts.Entrata_Test" time="17.015" errors="0" timestamp="2024-10-31T12:59:44 IST" skipped="0">
  <testcase classname="entrata_Test_Test_Scripts.Entrata_Test" name="test_02_Schedule_Demo" time="17.015"/>
  <system-out/>
</testsuite> <!-- entrata_Test_Test_Scripts.Entrata_Test -->
