<?xml version="1.0" encoding="UTF-8"?>
<!-- Generated by org.testng.reporters.JUnitReportReporter -->
<testsuite hostname="Desktop-175" failures="0" tests="1" name="entrata_Test_Test_Scripts.Entrata_Test" time="17.161" errors="0" timestamp="2025-02-25T11:46:01 IST" skipped="0">
  <testcase classname="entrata_Test_Test_Scripts.Entrata_Test" name="test_02_Schedule_Demo" time="17.161"/>
  <system-out/>
</testsuite> <!-- entrata_Test_Test_Scripts.Entrata_Test -->
