<?xml version="1.0" encoding="UTF-8"?>
<!-- Generated by org.testng.reporters.JUnitReportReporter -->
<testsuite hostname="Desktop-175" failures="0" tests="1" name="entrata_Test_Test_Scripts.Entrata_Test" time="16.955" errors="0" timestamp="2025-02-17T15:24:39 IST" skipped="0">
  <testcase classname="entrata_Test_Test_Scripts.Entrata_Test" name="test_02_Schedule_Demo" time="16.955"/>
  <system-out/>
</testsuite> <!-- entrata_Test_Test_Scripts.Entrata_Test -->
